<?xml version="1.0" encoding="UTF-8"?>
<!-- Generated by org.testng.reporters.JUnitReportReporter -->
<testsuite hostname="Shivani27" failures="0" tests="1" name="signinModule.TestSigninModule" time="5.467" errors="0" timestamp="2023-06-27T18:17:41 EDT" skipped="0">
  <testcase classname="signinModule.TestSigninModule" name="signInTest" time="5.467"/>
  <system-out/>
</testsuite> <!-- signinModule.TestSigninModule -->
